Última captura de links foi Thursday, 17 de August de 2023 às 06:52
Última captura de links foi Thursday, 17 de August de 2023 às 06:59
Última captura de links foi Thursday, 17 de August de 2023 às 07:07
Última captura de links foi Thursday, 17 de August de 2023 às 07:14
Última captura de links foi Thursday, 17 de August de 2023 às 07:18
Última captura de links foi Thursday, 17 de August de 2023 às 07:33
Última captura de links foi Thursday, 17 de August de 2023 às 07:51
Última captura de links foi Thursday, 17 de August de 2023 às 09:07
Última captura de links foi Thursday, 17 de August de 2023 às 12:13
Última captura de links foi Thursday, 17 de August de 2023 às 15:07
Última captura de links foi Thursday, 17 de August de 2023 às 18:09
Última captura de links foi Thursday, 17 de August de 2023 às 21:06
Última captura de links foi Friday, 18 de August de 2023 às 00:32
Última captura de links foi Friday, 18 de August de 2023 às 03:08
Última captura de links foi Friday, 18 de August de 2023 às 06:10
Última captura de links foi Friday, 18 de August de 2023 às 09:07
Última captura de links foi Friday, 18 de August de 2023 às 12:13
Última captura de links foi Friday, 18 de August de 2023 às 15:07
Última captura de links foi Friday, 18 de August de 2023 às 18:09
Última captura de links foi Friday, 18 de August de 2023 às 21:06
Última captura de links foi Saturday, 19 de August de 2023 às 00:30
Última captura de links foi Saturday, 19 de August de 2023 às 03:08
Última captura de links foi Saturday, 19 de August de 2023 às 06:09
Última captura de links foi Saturday, 19 de August de 2023 às 09:06
Última captura de links foi Saturday, 19 de August de 2023 às 12:11
Última captura de links foi Saturday, 19 de August de 2023 às 15:06
Última captura de links foi Saturday, 19 de August de 2023 às 18:08
Última captura de links foi Saturday, 19 de August de 2023 às 21:05
Última captura de links foi Sunday, 20 de August de 2023 às 00:34
Última captura de links foi Sunday, 20 de August de 2023 às 03:08
Última captura de links foi Sunday, 20 de August de 2023 às 06:09
Última captura de links foi Sunday, 20 de August de 2023 às 09:07
Última captura de links foi Sunday, 20 de August de 2023 às 12:11
Última captura de links foi Sunday, 20 de August de 2023 às 15:06
Última captura de links foi Sunday, 20 de August de 2023 às 18:08
Última captura de links foi Sunday, 20 de August de 2023 às 21:05
Última captura de links foi Monday, 21 de August de 2023 às 00:32
Última captura de links foi Monday, 21 de August de 2023 às 03:08
Última captura de links foi Monday, 21 de August de 2023 às 06:10
Última captura de links foi Monday, 21 de August de 2023 às 09:11
Última captura de links foi Monday, 21 de August de 2023 às 12:13
Última captura de links foi Monday, 21 de August de 2023 às 15:10
Última captura de links foi Monday, 21 de August de 2023 às 18:08
Última captura de links foi Monday, 21 de August de 2023 às 21:07
Última captura de links foi Tuesday, 22 de August de 2023 às 00:32
Última captura de links foi Tuesday, 22 de August de 2023 às 03:08
Última captura de links foi Tuesday, 22 de August de 2023 às 06:10
Última captura de links foi Tuesday, 22 de August de 2023 às 09:08
Última captura de links foi Tuesday, 22 de August de 2023 às 12:13
Última captura de links foi Tuesday, 22 de August de 2023 às 15:08
Última captura de links foi Tuesday, 22 de August de 2023 às 18:09
Última captura de links foi Tuesday, 22 de August de 2023 às 21:06
Última captura de links foi Wednesday, 23 de August de 2023 às 00:32
Última captura de links foi Wednesday, 23 de August de 2023 às 03:08
Última captura de links foi Wednesday, 23 de August de 2023 às 06:10
Última captura de links foi Wednesday, 23 de August de 2023 às 09:08
Última captura de links foi Wednesday, 23 de August de 2023 às 12:13
Última captura de links foi Wednesday, 23 de August de 2023 às 15:08
Última captura de links foi Wednesday, 23 de August de 2023 às 18:08
Última captura de links foi Wednesday, 23 de August de 2023 às 21:07
Última captura de links foi Thursday, 24 de August de 2023 às 00:32
Última captura de links foi Thursday, 24 de August de 2023 às 03:08
Última captura de links foi Thursday, 24 de August de 2023 às 06:10
Última captura de links foi Thursday, 24 de August de 2023 às 09:08
Última captura de links foi Thursday, 24 de August de 2023 às 12:13
Última captura de links foi Thursday, 24 de August de 2023 às 15:08
Última captura de links foi Thursday, 24 de August de 2023 às 18:09
Última captura de links foi Thursday, 24 de August de 2023 às 21:07
Última captura de links foi Friday, 25 de August de 2023 às 00:32
Última captura de links foi Friday, 25 de August de 2023 às 03:08
Última captura de links foi Friday, 25 de August de 2023 às 06:10
Última captura de links foi Friday, 25 de August de 2023 às 09:07
Última captura de links foi Friday, 25 de August de 2023 às 12:13
Última captura de links foi Friday, 25 de August de 2023 às 15:08
Última captura de links foi Friday, 25 de August de 2023 às 18:09
Última captura de links foi Friday, 25 de August de 2023 às 21:06
Última captura de links foi Saturday, 26 de August de 2023 às 00:31
Última captura de links foi Saturday, 26 de August de 2023 às 03:08
Última captura de links foi Saturday, 26 de August de 2023 às 06:09
Última captura de links foi Saturday, 26 de August de 2023 às 09:07
Última captura de links foi Saturday, 26 de August de 2023 às 12:12
Última captura de links foi Saturday, 26 de August de 2023 às 15:06
Última captura de links foi Saturday, 26 de August de 2023 às 18:09
Última captura de links foi Saturday, 26 de August de 2023 às 21:06
Última captura de links foi Sunday, 27 de August de 2023 às 00:35
Última captura de links foi Sunday, 27 de August de 2023 às 03:08
Última captura de links foi Sunday, 27 de August de 2023 às 06:09
Última captura de links foi Sunday, 27 de August de 2023 às 09:07
Última captura de links foi Sunday, 27 de August de 2023 às 12:12
Última captura de links foi Sunday, 27 de August de 2023 às 15:06
Última captura de links foi Sunday, 27 de August de 2023 às 18:09
Última captura de links foi Sunday, 27 de August de 2023 às 21:06
Última captura de links foi Monday, 28 de August de 2023 às 00:33
Última captura de links foi Monday, 28 de August de 2023 às 03:09
Última captura de links foi Monday, 28 de August de 2023 às 06:11
Última captura de links foi Monday, 28 de August de 2023 às 09:08
Última captura de links foi Monday, 28 de August de 2023 às 12:14
Última captura de links foi Monday, 28 de August de 2023 às 15:08
Última captura de links foi Monday, 28 de August de 2023 às 18:10
Última captura de links foi Monday, 28 de August de 2023 às 21:07
Última captura de links foi Tuesday, 29 de August de 2023 às 00:33
Última captura de links foi Tuesday, 29 de August de 2023 às 03:10
Última captura de links foi Tuesday, 29 de August de 2023 às 06:10
Última captura de links foi Tuesday, 29 de August de 2023 às 09:08
Última captura de links foi Tuesday, 29 de August de 2023 às 12:13
Última captura de links foi Tuesday, 29 de August de 2023 às 15:08
Última captura de links foi Tuesday, 29 de August de 2023 às 18:09
Última captura de links foi Tuesday, 29 de August de 2023 às 21:07
Última captura de links foi Wednesday, 30 de August de 2023 às 00:33
Última captura de links foi Wednesday, 30 de August de 2023 às 03:08
Última captura de links foi Wednesday, 30 de August de 2023 às 06:10
Última captura de links foi Wednesday, 30 de August de 2023 às 09:08
Última captura de links foi Wednesday, 30 de August de 2023 às 12:13
Última captura de links foi Wednesday, 30 de August de 2023 às 15:08
Última captura de links foi Wednesday, 30 de August de 2023 às 18:09
Última captura de links foi Wednesday, 30 de August de 2023 às 21:08
Última captura de links foi Thursday, 31 de August de 2023 às 00:33
Última captura de links foi Thursday, 31 de August de 2023 às 03:08
Última captura de links foi Thursday, 31 de August de 2023 às 06:10
Última captura de links foi Thursday, 31 de August de 2023 às 09:08
Última captura de links foi Thursday, 31 de August de 2023 às 12:13
Última captura de links foi Thursday, 31 de August de 2023 às 15:08
Última captura de links foi Thursday, 31 de August de 2023 às 18:09
Última captura de links foi Thursday, 31 de August de 2023 às 21:07
Última captura de links foi Friday, 01 de September de 2023 às 00:35
Última captura de links foi Friday, 01 de September de 2023 às 03:09
Última captura de links foi Friday, 01 de September de 2023 às 06:10
Última captura de links foi Friday, 01 de September de 2023 às 09:08
Última captura de links foi Friday, 01 de September de 2023 às 12:13
Última captura de links foi Friday, 01 de September de 2023 às 15:08
Última captura de links foi Friday, 01 de September de 2023 às 18:09
Última captura de links foi Friday, 01 de September de 2023 às 21:07
Última captura de links foi Saturday, 02 de September de 2023 às 00:31
Última captura de links foi Saturday, 02 de September de 2023 às 03:08
Última captura de links foi Saturday, 02 de September de 2023 às 06:09
Última captura de links foi Saturday, 02 de September de 2023 às 09:07
Última captura de links foi Saturday, 02 de September de 2023 às 12:12
Última captura de links foi Saturday, 02 de September de 2023 às 15:06
Última captura de links foi Saturday, 02 de September de 2023 às 18:09
Última captura de links foi Saturday, 02 de September de 2023 às 21:07
Última captura de links foi Sunday, 03 de September de 2023 às 00:35
Última captura de links foi Sunday, 03 de September de 2023 às 03:08
Última captura de links foi Sunday, 03 de September de 2023 às 06:09
Última captura de links foi Sunday, 03 de September de 2023 às 09:07
Última captura de links foi Sunday, 03 de September de 2023 às 12:12
Última captura de links foi Sunday, 03 de September de 2023 às 15:07
Última captura de links foi Sunday, 03 de September de 2023 às 18:09
Última captura de links foi Sunday, 03 de September de 2023 às 21:07
Última captura de links foi Monday, 04 de September de 2023 às 00:33
Última captura de links foi Monday, 04 de September de 2023 às 03:09
Última captura de links foi Monday, 04 de September de 2023 às 06:11
Última captura de links foi Monday, 04 de September de 2023 às 09:08
Última captura de links foi Monday, 04 de September de 2023 às 12:14
Última captura de links foi Monday, 04 de September de 2023 às 15:08
Última captura de links foi Monday, 04 de September de 2023 às 18:09
Última captura de links foi Monday, 04 de September de 2023 às 21:06
Última captura de links foi Tuesday, 05 de September de 2023 às 00:32
Última captura de links foi Tuesday, 05 de September de 2023 às 06:10
Última captura de links foi Tuesday, 05 de September de 2023 às 09:08
Última captura de links foi Tuesday, 05 de September de 2023 às 12:14
Última captura de links foi Tuesday, 05 de September de 2023 às 15:08
Última captura de links foi Tuesday, 05 de September de 2023 às 18:10
Última captura de links foi Tuesday, 05 de September de 2023 às 21:07
Última captura de links foi Wednesday, 06 de September de 2023 às 00:33
Última captura de links foi Wednesday, 06 de September de 2023 às 03:08
Última captura de links foi Wednesday, 06 de September de 2023 às 06:10
Última captura de links foi Wednesday, 06 de September de 2023 às 09:08
Última captura de links foi Wednesday, 06 de September de 2023 às 12:14
Última captura de links foi Wednesday, 06 de September de 2023 às 15:13
Última captura de links foi Wednesday, 06 de September de 2023 às 18:10
Última captura de links foi Wednesday, 06 de September de 2023 às 21:07
Última captura de links foi Thursday, 07 de September de 2023 às 00:33
Última captura de links foi Thursday, 07 de September de 2023 às 03:08
Última captura de links foi Thursday, 07 de September de 2023 às 06:10
Última captura de links foi Thursday, 07 de September de 2023 às 09:08
Última captura de links foi Thursday, 07 de September de 2023 às 12:14
Última captura de links foi Thursday, 07 de September de 2023 às 15:08
Última captura de links foi Thursday, 07 de September de 2023 às 18:09
Última captura de links foi Thursday, 07 de September de 2023 às 21:07
Última captura de links foi Friday, 08 de September de 2023 às 00:33
Última captura de links foi Friday, 08 de September de 2023 às 03:08
Última captura de links foi Friday, 08 de September de 2023 às 06:10
Última captura de links foi Friday, 08 de September de 2023 às 09:08
Última captura de links foi Friday, 08 de September de 2023 às 12:13
Última captura de links foi Friday, 08 de September de 2023 às 15:07
Última captura de links foi Friday, 08 de September de 2023 às 18:09
Última captura de links foi Friday, 08 de September de 2023 às 21:07
Última captura de links foi Saturday, 09 de September de 2023 às 00:32
Última captura de links foi Saturday, 09 de September de 2023 às 03:08
Última captura de links foi Saturday, 09 de September de 2023 às 06:09
Última captura de links foi Saturday, 09 de September de 2023 às 09:07
Última captura de links foi Saturday, 09 de September de 2023 às 12:12
Última captura de links foi Saturday, 09 de September de 2023 às 15:06
Última captura de links foi Saturday, 09 de September de 2023 às 18:09
Última captura de links foi Saturday, 09 de September de 2023 às 21:06
Última captura de links foi Sunday, 10 de September de 2023 às 00:35
Última captura de links foi Sunday, 10 de September de 2023 às 03:08
Última captura de links foi Sunday, 10 de September de 2023 às 06:09
Última captura de links foi Sunday, 10 de September de 2023 às 09:07
Última captura de links foi Sunday, 10 de September de 2023 às 12:12
Última captura de links foi Sunday, 10 de September de 2023 às 15:07
Última captura de links foi Sunday, 10 de September de 2023 às 18:09
Última captura de links foi Sunday, 10 de September de 2023 às 21:06
Última captura de links foi Monday, 11 de September de 2023 às 00:33
Última captura de links foi Monday, 11 de September de 2023 às 03:08
Última captura de links foi Monday, 11 de September de 2023 às 06:10
Última captura de links foi Monday, 11 de September de 2023 às 09:08
Última captura de links foi Monday, 11 de September de 2023 às 12:14
Última captura de links foi Monday, 11 de September de 2023 às 15:08
Última captura de links foi Monday, 11 de September de 2023 às 18:10
Última captura de links foi Monday, 11 de September de 2023 às 21:07
Última captura de links foi Tuesday, 12 de September de 2023 às 00:32
Última captura de links foi Tuesday, 12 de September de 2023 às 03:08
Última captura de links foi Tuesday, 12 de September de 2023 às 06:10
Última captura de links foi Tuesday, 12 de September de 2023 às 09:08
Última captura de links foi Tuesday, 12 de September de 2023 às 12:14
Última captura de links foi Tuesday, 12 de September de 2023 às 15:08
Última captura de links foi Tuesday, 12 de September de 2023 às 18:10
Última captura de links foi Tuesday, 12 de September de 2023 às 21:07
Última captura de links foi Wednesday, 13 de September de 2023 às 00:33
Última captura de links foi Wednesday, 13 de September de 2023 às 03:08
Última captura de links foi Wednesday, 13 de September de 2023 às 06:10
Última captura de links foi Wednesday, 13 de September de 2023 às 09:08
Última captura de links foi Wednesday, 13 de September de 2023 às 12:14
Última captura de links foi Wednesday, 13 de September de 2023 às 15:08
Última captura de links foi Wednesday, 13 de September de 2023 às 18:10
Última captura de links foi Wednesday, 13 de September de 2023 às 21:05
Última captura de links foi Thursday, 14 de September de 2023 às 00:33
Última captura de links foi Thursday, 14 de September de 2023 às 03:08
Última captura de links foi Thursday, 14 de September de 2023 às 06:10
Última captura de links foi Thursday, 14 de September de 2023 às 09:08
Última captura de links foi Thursday, 14 de September de 2023 às 12:14
Última captura de links foi Thursday, 14 de September de 2023 às 15:08
Última captura de links foi Thursday, 14 de September de 2023 às 18:10
Última captura de links foi Thursday, 14 de September de 2023 às 21:07
Última captura de links foi Friday, 15 de September de 2023 às 00:33
Última captura de links foi Friday, 15 de September de 2023 às 03:08
Última captura de links foi Friday, 15 de September de 2023 às 06:10
Última captura de links foi Friday, 15 de September de 2023 às 09:08
Última captura de links foi Friday, 15 de September de 2023 às 12:13
Última captura de links foi Friday, 15 de September de 2023 às 15:08
Última captura de links foi Friday, 15 de September de 2023 às 18:10
Última captura de links foi Friday, 15 de September de 2023 às 21:06
Última captura de links foi Saturday, 16 de September de 2023 às 00:32
Última captura de links foi Saturday, 16 de September de 2023 às 03:08
Última captura de links foi Saturday, 16 de September de 2023 às 06:09
Última captura de links foi Saturday, 16 de September de 2023 às 09:08
Última captura de links foi Saturday, 16 de September de 2023 às 12:12
Última captura de links foi Saturday, 16 de September de 2023 às 15:08
Última captura de links foi Saturday, 16 de September de 2023 às 18:09
Última captura de links foi Saturday, 16 de September de 2023 às 21:06
Última captura de links foi Sunday, 17 de September de 2023 às 00:35
Última captura de links foi Sunday, 17 de September de 2023 às 03:08
Última captura de links foi Sunday, 17 de September de 2023 às 06:09
Última captura de links foi Sunday, 17 de September de 2023 às 09:08
Última captura de links foi Sunday, 17 de September de 2023 às 12:12
Última captura de links foi Sunday, 17 de September de 2023 às 15:07
Última captura de links foi Sunday, 17 de September de 2023 às 18:09
Última captura de links foi Sunday, 17 de September de 2023 às 21:06
Última captura de links foi Monday, 18 de September de 2023 às 00:34
Última captura de links foi Monday, 18 de September de 2023 às 03:08
Última captura de links foi Monday, 18 de September de 2023 às 06:11
Última captura de links foi Monday, 18 de September de 2023 às 09:08
Última captura de links foi Monday, 18 de September de 2023 às 12:14
Última captura de links foi Monday, 18 de September de 2023 às 15:08
Última captura de links foi Monday, 18 de September de 2023 às 18:10
Última captura de links foi Monday, 18 de September de 2023 às 21:07
Última captura de links foi Tuesday, 19 de September de 2023 às 00:34
Última captura de links foi Tuesday, 19 de September de 2023 às 03:09
Última captura de links foi Tuesday, 19 de September de 2023 às 06:10
Última captura de links foi Tuesday, 19 de September de 2023 às 09:08
Última captura de links foi Tuesday, 19 de September de 2023 às 12:14
Última captura de links foi Tuesday, 19 de September de 2023 às 15:08
Última captura de links foi Tuesday, 19 de September de 2023 às 18:10
Última captura de links foi Tuesday, 19 de September de 2023 às 21:07
Última captura de links foi Wednesday, 20 de September de 2023 às 00:33
Última captura de links foi Wednesday, 20 de September de 2023 às 03:09
Última captura de links foi Wednesday, 20 de September de 2023 às 06:11
Última captura de links foi Wednesday, 20 de September de 2023 às 09:09
Última captura de links foi Wednesday, 20 de September de 2023 às 12:14
Última captura de links foi Wednesday, 20 de September de 2023 às 15:08
Última captura de links foi Wednesday, 20 de September de 2023 às 18:10
Última captura de links foi Wednesday, 20 de September de 2023 às 21:07
Última captura de links foi Thursday, 21 de September de 2023 às 00:33
Última captura de links foi Thursday, 21 de September de 2023 às 03:08
Última captura de links foi Thursday, 21 de September de 2023 às 06:10
Última captura de links foi Thursday, 21 de September de 2023 às 09:08
Última captura de links foi Thursday, 21 de September de 2023 às 12:14
Última captura de links foi Thursday, 21 de September de 2023 às 15:07
Última captura de links foi Thursday, 21 de September de 2023 às 18:10
Última captura de links foi Thursday, 21 de September de 2023 às 21:07
Última captura de links foi Friday, 22 de September de 2023 às 00:33
Última captura de links foi Friday, 22 de September de 2023 às 03:08
Última captura de links foi Friday, 22 de September de 2023 às 06:10
Última captura de links foi Friday, 22 de September de 2023 às 09:08
Última captura de links foi Friday, 22 de September de 2023 às 12:14
Última captura de links foi Friday, 22 de September de 2023 às 15:08
Última captura de links foi Friday, 22 de September de 2023 às 18:10
Última captura de links foi Friday, 22 de September de 2023 às 21:07
Última captura de links foi Saturday, 23 de September de 2023 às 00:32
Última captura de links foi Saturday, 23 de September de 2023 às 03:08
Última captura de links foi Saturday, 23 de September de 2023 às 06:09
Última captura de links foi Saturday, 23 de September de 2023 às 09:07
Última captura de links foi Saturday, 23 de September de 2023 às 12:12
Última captura de links foi Saturday, 23 de September de 2023 às 15:07
Última captura de links foi Saturday, 23 de September de 2023 às 18:09
Última captura de links foi Saturday, 23 de September de 2023 às 21:06
Última captura de links foi Sunday, 24 de September de 2023 às 00:36
Última captura de links foi Sunday, 24 de September de 2023 às 03:08
Última captura de links foi Sunday, 24 de September de 2023 às 06:09
Última captura de links foi Sunday, 24 de September de 2023 às 09:07
Última captura de links foi Sunday, 24 de September de 2023 às 12:12
Última captura de links foi Sunday, 24 de September de 2023 às 15:07
Última captura de links foi Sunday, 24 de September de 2023 às 18:09
Última captura de links foi Sunday, 24 de September de 2023 às 21:06
Última captura de links foi Monday, 25 de September de 2023 às 00:34
Última captura de links foi Monday, 25 de September de 2023 às 03:08
Última captura de links foi Monday, 25 de September de 2023 às 06:11
Última captura de links foi Monday, 25 de September de 2023 às 09:09
Última captura de links foi Monday, 25 de September de 2023 às 12:14
Última captura de links foi Monday, 25 de September de 2023 às 15:09
Última captura de links foi Monday, 25 de September de 2023 às 18:10
Última captura de links foi Monday, 25 de September de 2023 às 21:07
Última captura de links foi Tuesday, 26 de September de 2023 às 00:34
Última captura de links foi Tuesday, 26 de September de 2023 às 03:09
Última captura de links foi Tuesday, 26 de September de 2023 às 06:11
Última captura de links foi Tuesday, 26 de September de 2023 às 09:08
Última captura de links foi Tuesday, 26 de September de 2023 às 12:14
Última captura de links foi Tuesday, 26 de September de 2023 às 15:08
Última captura de links foi Tuesday, 26 de September de 2023 às 18:10
Última captura de links foi Tuesday, 26 de September de 2023 às 21:07
Última captura de links foi Wednesday, 27 de September de 2023 às 00:34
Última captura de links foi Wednesday, 27 de September de 2023 às 03:09
Última captura de links foi Wednesday, 27 de September de 2023 às 06:11
Última captura de links foi Wednesday, 27 de September de 2023 às 09:08
Última captura de links foi Wednesday, 27 de September de 2023 às 12:14
Última captura de links foi Wednesday, 27 de September de 2023 às 15:08
Última captura de links foi Wednesday, 27 de September de 2023 às 18:10
Última captura de links foi Wednesday, 27 de September de 2023 às 21:07
Última captura de links foi Thursday, 28 de September de 2023 às 00:33
Última captura de links foi Thursday, 28 de September de 2023 às 03:09
Última captura de links foi Thursday, 28 de September de 2023 às 06:11
Última captura de links foi Thursday, 28 de September de 2023 às 09:08
Última captura de links foi Thursday, 28 de September de 2023 às 12:14
Última captura de links foi Thursday, 28 de September de 2023 às 15:08
Última captura de links foi Thursday, 28 de September de 2023 às 18:10
Última captura de links foi Thursday, 28 de September de 2023 às 21:07
Última captura de links foi Friday, 29 de September de 2023 às 00:34
Última captura de links foi Friday, 29 de September de 2023 às 03:08
Última captura de links foi Friday, 29 de September de 2023 às 06:10
Última captura de links foi Friday, 29 de September de 2023 às 09:08
Última captura de links foi Friday, 29 de September de 2023 às 12:13
Última captura de links foi Friday, 29 de September de 2023 às 15:08
Última captura de links foi Friday, 29 de September de 2023 às 18:10
Última captura de links foi Friday, 29 de September de 2023 às 21:07
Última captura de links foi Saturday, 30 de September de 2023 às 00:32
Última captura de links foi Saturday, 30 de September de 2023 às 03:08
Última captura de links foi Saturday, 30 de September de 2023 às 06:09
Última captura de links foi Saturday, 30 de September de 2023 às 09:07
Última captura de links foi Saturday, 30 de September de 2023 às 12:12
Última captura de links foi Saturday, 30 de September de 2023 às 15:07
Última captura de links foi Saturday, 30 de September de 2023 às 18:09
Última captura de links foi Saturday, 30 de September de 2023 às 21:06
Última captura de links foi Sunday, 01 de October de 2023 às 00:39
Última captura de links foi Sunday, 01 de October de 2023 às 03:08
Última captura de links foi Sunday, 01 de October de 2023 às 06:10
Última captura de links foi Sunday, 01 de October de 2023 às 09:07
Última captura de links foi Sunday, 01 de October de 2023 às 12:12
Última captura de links foi Sunday, 01 de October de 2023 às 15:07
Última captura de links foi Sunday, 01 de October de 2023 às 18:09
Última captura de links foi Sunday, 01 de October de 2023 às 21:06
Última captura de links foi Monday, 02 de October de 2023 às 00:34
Última captura de links foi Monday, 02 de October de 2023 às 03:09
Última captura de links foi Monday, 02 de October de 2023 às 06:11
Última captura de links foi Monday, 02 de October de 2023 às 09:08
Última captura de links foi Monday, 02 de October de 2023 às 12:14
Última captura de links foi Monday, 02 de October de 2023 às 15:08
Última captura de links foi Monday, 02 de October de 2023 às 18:10
Última captura de links foi Monday, 02 de October de 2023 às 21:08
Última captura de links foi Tuesday, 03 de October de 2023 às 00:34
Última captura de links foi Tuesday, 03 de October de 2023 às 03:09
Última captura de links foi Tuesday, 03 de October de 2023 às 06:10
Última captura de links foi Tuesday, 03 de October de 2023 às 09:08
Última captura de links foi Tuesday, 03 de October de 2023 às 12:14
Última captura de links foi Tuesday, 03 de October de 2023 às 15:09
Última captura de links foi Tuesday, 03 de October de 2023 às 18:10
Última captura de links foi Tuesday, 03 de October de 2023 às 21:07
Última captura de links foi Wednesday, 04 de October de 2023 às 00:34
Última captura de links foi Wednesday, 04 de October de 2023 às 03:09
Última captura de links foi Wednesday, 04 de October de 2023 às 06:11
Última captura de links foi Wednesday, 04 de October de 2023 às 09:09
Última captura de links foi Wednesday, 04 de October de 2023 às 12:15
Última captura de links foi Wednesday, 04 de October de 2023 às 15:09
Última captura de links foi Wednesday, 04 de October de 2023 às 18:10
Última captura de links foi Wednesday, 04 de October de 2023 às 21:08
Última captura de links foi Thursday, 05 de October de 2023 às 00:34
Última captura de links foi Thursday, 05 de October de 2023 às 03:09
Última captura de links foi Thursday, 05 de October de 2023 às 06:11
Última captura de links foi Thursday, 05 de October de 2023 às 09:08
Última captura de links foi Thursday, 05 de October de 2023 às 12:15
Última captura de links foi Thursday, 05 de October de 2023 às 15:09
Última captura de links foi Thursday, 05 de October de 2023 às 18:10
Última captura de links foi Thursday, 05 de October de 2023 às 21:07
Última captura de links foi Friday, 06 de October de 2023 às 00:34
Última captura de links foi Friday, 06 de October de 2023 às 03:08
Última captura de links foi Friday, 06 de October de 2023 às 06:11
Última captura de links foi Friday, 06 de October de 2023 às 09:08
Última captura de links foi Friday, 06 de October de 2023 às 12:14
Última captura de links foi Friday, 06 de October de 2023 às 15:09
Última captura de links foi Friday, 06 de October de 2023 às 18:10
Última captura de links foi Friday, 06 de October de 2023 às 21:07
Última captura de links foi Saturday, 07 de October de 2023 às 00:33
Última captura de links foi Saturday, 07 de October de 2023 às 03:08
Última captura de links foi Saturday, 07 de October de 2023 às 06:09
Última captura de links foi Saturday, 07 de October de 2023 às 09:07
Última captura de links foi Saturday, 07 de October de 2023 às 12:12
Última captura de links foi Saturday, 07 de October de 2023 às 15:07
Última captura de links foi Saturday, 07 de October de 2023 às 18:09
Última captura de links foi Saturday, 07 de October de 2023 às 21:06
Última captura de links foi Sunday, 08 de October de 2023 às 00:36
Última captura de links foi Sunday, 08 de October de 2023 às 03:08
Última captura de links foi Sunday, 08 de October de 2023 às 06:10
Última captura de links foi Sunday, 08 de October de 2023 às 09:07
Última captura de links foi Sunday, 08 de October de 2023 às 12:12
Última captura de links foi Sunday, 08 de October de 2023 às 15:07
Última captura de links foi Sunday, 08 de October de 2023 às 18:09
Última captura de links foi Sunday, 08 de October de 2023 às 21:06
Última captura de links foi Monday, 09 de October de 2023 às 00:34
Última captura de links foi Monday, 09 de October de 2023 às 03:08
Última captura de links foi Monday, 09 de October de 2023 às 06:11
Última captura de links foi Monday, 09 de October de 2023 às 09:09
Última captura de links foi Monday, 09 de October de 2023 às 12:15
Última captura de links foi Monday, 09 de October de 2023 às 15:09
Última captura de links foi Monday, 09 de October de 2023 às 18:10
Última captura de links foi Monday, 09 de October de 2023 às 21:07
Última captura de links foi Tuesday, 10 de October de 2023 às 00:33
Última captura de links foi Tuesday, 10 de October de 2023 às 03:09
Última captura de links foi Tuesday, 10 de October de 2023 às 06:11
Última captura de links foi Tuesday, 10 de October de 2023 às 09:08
Última captura de links foi Tuesday, 10 de October de 2023 às 12:14
Última captura de links foi Tuesday, 10 de October de 2023 às 15:08
Última captura de links foi Tuesday, 10 de October de 2023 às 18:10
Última captura de links foi Tuesday, 10 de October de 2023 às 21:07
Última captura de links foi Wednesday, 11 de October de 2023 às 00:33
Última captura de links foi Wednesday, 11 de October de 2023 às 03:09
Última captura de links foi Wednesday, 11 de October de 2023 às 06:11
Última captura de links foi Wednesday, 11 de October de 2023 às 09:09
Última captura de links foi Wednesday, 11 de October de 2023 às 12:15
Última captura de links foi Wednesday, 11 de October de 2023 às 15:08
Última captura de links foi Wednesday, 11 de October de 2023 às 18:10
Última captura de links foi Wednesday, 11 de October de 2023 às 21:07
Última captura de links foi Thursday, 12 de October de 2023 às 00:32
Última captura de links foi Thursday, 12 de October de 2023 às 03:08
Última captura de links foi Thursday, 12 de October de 2023 às 06:11
Última captura de links foi Thursday, 12 de October de 2023 às 09:08
Última captura de links foi Thursday, 12 de October de 2023 às 12:14
Última captura de links foi Thursday, 12 de October de 2023 às 15:08
Última captura de links foi Thursday, 12 de October de 2023 às 18:10
Última captura de links foi Thursday, 12 de October de 2023 às 21:05
Última captura de links foi Friday, 13 de October de 2023 às 00:35
Última captura de links foi Friday, 13 de October de 2023 às 03:09
Última captura de links foi Friday, 13 de October de 2023 às 06:11
Última captura de links foi Friday, 13 de October de 2023 às 09:08
Última captura de links foi Friday, 13 de October de 2023 às 12:14
Última captura de links foi Friday, 13 de October de 2023 às 15:08
Última captura de links foi Friday, 13 de October de 2023 às 18:10
Última captura de links foi Friday, 13 de October de 2023 às 21:07
Última captura de links foi Saturday, 14 de October de 2023 às 00:33
Última captura de links foi Saturday, 14 de October de 2023 às 03:08
Última captura de links foi Saturday, 14 de October de 2023 às 06:10
Última captura de links foi Saturday, 14 de October de 2023 às 09:07
Última captura de links foi Saturday, 14 de October de 2023 às 12:12
Última captura de links foi Saturday, 14 de October de 2023 às 15:07
Última captura de links foi Saturday, 14 de October de 2023 às 18:09
Última captura de links foi Saturday, 14 de October de 2023 às 21:06
Última captura de links foi Sunday, 15 de October de 2023 às 00:37
Última captura de links foi Sunday, 15 de October de 2023 às 03:08
Última captura de links foi Sunday, 15 de October de 2023 às 06:10
Última captura de links foi Sunday, 15 de October de 2023 às 09:07
Última captura de links foi Sunday, 15 de October de 2023 às 12:13
Última captura de links foi Sunday, 15 de October de 2023 às 15:07
Última captura de links foi Sunday, 15 de October de 2023 às 18:09
Última captura de links foi Sunday, 15 de October de 2023 às 21:06
Última captura de links foi Monday, 16 de October de 2023 às 00:35
Última captura de links foi Monday, 16 de October de 2023 às 03:08
Última captura de links foi Monday, 16 de October de 2023 às 06:11
Última captura de links foi Monday, 16 de October de 2023 às 09:09
Última captura de links foi Monday, 16 de October de 2023 às 12:14
Última captura de links foi Monday, 16 de October de 2023 às 15:09
Última captura de links foi Monday, 16 de October de 2023 às 18:11
Última captura de links foi Monday, 16 de October de 2023 às 21:08
Última captura de links foi Tuesday, 17 de October de 2023 às 00:34
Última captura de links foi Tuesday, 17 de October de 2023 às 03:09
Última captura de links foi Tuesday, 17 de October de 2023 às 06:11
Última captura de links foi Tuesday, 17 de October de 2023 às 09:08
Última captura de links foi Tuesday, 17 de October de 2023 às 12:14
Última captura de links foi Tuesday, 17 de October de 2023 às 15:09
Última captura de links foi Tuesday, 17 de October de 2023 às 18:10
Última captura de links foi Tuesday, 17 de October de 2023 às 21:07
Última captura de links foi Wednesday, 18 de October de 2023 às 00:34
Última captura de links foi Wednesday, 18 de October de 2023 às 03:08
Última captura de links foi Wednesday, 18 de October de 2023 às 06:11
Última captura de links foi Wednesday, 18 de October de 2023 às 09:08
Última captura de links foi Wednesday, 18 de October de 2023 às 12:14
Última captura de links foi Wednesday, 18 de October de 2023 às 15:08
Última captura de links foi Wednesday, 18 de October de 2023 às 18:10
Última captura de links foi Wednesday, 18 de October de 2023 às 21:07
Última captura de links foi Thursday, 19 de October de 2023 às 00:34
Última captura de links foi Thursday, 19 de October de 2023 às 03:08
Última captura de links foi Thursday, 19 de October de 2023 às 06:11
Última captura de links foi Thursday, 19 de October de 2023 às 09:08
Última captura de links foi Thursday, 19 de October de 2023 às 12:14
Última captura de links foi Thursday, 19 de October de 2023 às 15:08
Última captura de links foi Thursday, 19 de October de 2023 às 18:10
Última captura de links foi Thursday, 19 de October de 2023 às 21:05
Última captura de links foi Friday, 20 de October de 2023 às 00:34
Última captura de links foi Friday, 20 de October de 2023 às 03:08
Última captura de links foi Friday, 20 de October de 2023 às 06:11
Última captura de links foi Friday, 20 de October de 2023 às 09:08
Última captura de links foi Friday, 20 de October de 2023 às 12:14
Última captura de links foi Friday, 20 de October de 2023 às 15:07
Última captura de links foi Friday, 20 de October de 2023 às 18:09
Última captura de links foi Friday, 20 de October de 2023 às 21:07
Última captura de links foi Saturday, 21 de October de 2023 às 00:32
Última captura de links foi Saturday, 21 de October de 2023 às 03:08
Última captura de links foi Saturday, 21 de October de 2023 às 06:10
Última captura de links foi Saturday, 21 de October de 2023 às 09:07
Última captura de links foi Saturday, 21 de October de 2023 às 12:13
Última captura de links foi Saturday, 21 de October de 2023 às 15:07
Última captura de links foi Saturday, 21 de October de 2023 às 18:09
Última captura de links foi Saturday, 21 de October de 2023 às 21:06
Última captura de links foi Sunday, 22 de October de 2023 às 00:37
Última captura de links foi Sunday, 22 de October de 2023 às 03:08
Última captura de links foi Sunday, 22 de October de 2023 às 06:10
Última captura de links foi Sunday, 22 de October de 2023 às 09:07
Última captura de links foi Sunday, 22 de October de 2023 às 12:12
Última captura de links foi Sunday, 22 de October de 2023 às 15:07
Última captura de links foi Sunday, 22 de October de 2023 às 18:09
Última captura de links foi Sunday, 22 de October de 2023 às 21:06
Última captura de links foi Monday, 23 de October de 2023 às 00:34
Última captura de links foi Monday, 23 de October de 2023 às 03:09
Última captura de links foi Monday, 23 de October de 2023 às 06:11
Última captura de links foi Monday, 23 de October de 2023 às 09:09
Última captura de links foi Monday, 23 de October de 2023 às 12:14
Última captura de links foi Monday, 23 de October de 2023 às 15:08
Última captura de links foi Monday, 23 de October de 2023 às 18:09
Última captura de links foi Monday, 23 de October de 2023 às 21:07
Última captura de links foi Tuesday, 24 de October de 2023 às 00:34
Última captura de links foi Tuesday, 24 de October de 2023 às 03:09
Última captura de links foi Tuesday, 24 de October de 2023 às 06:11
Última captura de links foi Tuesday, 24 de October de 2023 às 09:08
Última captura de links foi Tuesday, 24 de October de 2023 às 12:14
Última captura de links foi Tuesday, 24 de October de 2023 às 15:09
Última captura de links foi Tuesday, 24 de October de 2023 às 18:10
Última captura de links foi Tuesday, 24 de October de 2023 às 21:07
Última captura de links foi Wednesday, 25 de October de 2023 às 00:34
Última captura de links foi Wednesday, 25 de October de 2023 às 03:09
Última captura de links foi Wednesday, 25 de October de 2023 às 06:10
Última captura de links foi Wednesday, 25 de October de 2023 às 09:08
Última captura de links foi Wednesday, 25 de October de 2023 às 12:14
Última captura de links foi Wednesday, 25 de October de 2023 às 15:08
Última captura de links foi Wednesday, 25 de October de 2023 às 18:10
Última captura de links foi Wednesday, 25 de October de 2023 às 21:07
Última captura de links foi Thursday, 26 de October de 2023 às 00:33
Última captura de links foi Thursday, 26 de October de 2023 às 03:08
Última captura de links foi Thursday, 26 de October de 2023 às 06:10
Última captura de links foi Thursday, 26 de October de 2023 às 09:08
Última captura de links foi Thursday, 26 de October de 2023 às 12:14
Última captura de links foi Thursday, 26 de October de 2023 às 15:08
Última captura de links foi Thursday, 26 de October de 2023 às 18:10
Última captura de links foi Thursday, 26 de October de 2023 às 21:08
Última captura de links foi Friday, 27 de October de 2023 às 00:33
Última captura de links foi Friday, 27 de October de 2023 às 03:08
Última captura de links foi Friday, 27 de October de 2023 às 06:10
Última captura de links foi Friday, 27 de October de 2023 às 09:08
Última captura de links foi Friday, 27 de October de 2023 às 12:13
Última captura de links foi Friday, 27 de October de 2023 às 15:08
Última captura de links foi Friday, 27 de October de 2023 às 18:09
Última captura de links foi Friday, 27 de October de 2023 às 21:07
Última captura de links foi Saturday, 28 de October de 2023 às 00:32
Última captura de links foi Saturday, 28 de October de 2023 às 03:08
Última captura de links foi Saturday, 28 de October de 2023 às 06:09
Última captura de links foi Saturday, 28 de October de 2023 às 09:07
Última captura de links foi Saturday, 28 de October de 2023 às 12:12
Última captura de links foi Saturday, 28 de October de 2023 às 15:07
Última captura de links foi Saturday, 28 de October de 2023 às 18:09
Última captura de links foi Saturday, 28 de October de 2023 às 21:06
Última captura de links foi Sunday, 29 de October de 2023 às 00:36
Última captura de links foi Sunday, 29 de October de 2023 às 03:08
Última captura de links foi Sunday, 29 de October de 2023 às 06:09
Última captura de links foi Sunday, 29 de October de 2023 às 09:07
Última captura de links foi Sunday, 29 de October de 2023 às 12:12
Última captura de links foi Sunday, 29 de October de 2023 às 15:07
Última captura de links foi Sunday, 29 de October de 2023 às 18:09
Última captura de links foi Sunday, 29 de October de 2023 às 21:06
Última captura de links foi Monday, 30 de October de 2023 às 00:34
Última captura de links foi Monday, 30 de October de 2023 às 03:09
Última captura de links foi Monday, 30 de October de 2023 às 06:11
Última captura de links foi Monday, 30 de October de 2023 às 09:08
Última captura de links foi Monday, 30 de October de 2023 às 12:14
Última captura de links foi Monday, 30 de October de 2023 às 15:08
Última captura de links foi Monday, 30 de October de 2023 às 18:10
Última captura de links foi Monday, 30 de October de 2023 às 21:07
Última captura de links foi Tuesday, 31 de October de 2023 às 00:34
Última captura de links foi Tuesday, 31 de October de 2023 às 03:08
Última captura de links foi Tuesday, 31 de October de 2023 às 06:10
Última captura de links foi Tuesday, 31 de October de 2023 às 09:08
Última captura de links foi Tuesday, 31 de October de 2023 às 12:14
Última captura de links foi Tuesday, 31 de October de 2023 às 15:08
Última captura de links foi Tuesday, 31 de October de 2023 às 18:10
Última captura de links foi Tuesday, 31 de October de 2023 às 21:06
Última captura de links foi Wednesday, 01 de November de 2023 às 00:36
Última captura de links foi Wednesday, 01 de November de 2023 às 03:09
Última captura de links foi Wednesday, 01 de November de 2023 às 06:11
Última captura de links foi Wednesday, 01 de November de 2023 às 09:08
Última captura de links foi Wednesday, 01 de November de 2023 às 12:14
Última captura de links foi Wednesday, 01 de November de 2023 às 15:08
Última captura de links foi Wednesday, 01 de November de 2023 às 18:10
Última captura de links foi Wednesday, 01 de November de 2023 às 21:07
Última captura de links foi Thursday, 02 de November de 2023 às 00:34
Última captura de links foi Thursday, 02 de November de 2023 às 03:09
Última captura de links foi Thursday, 02 de November de 2023 às 06:10
Última captura de links foi Thursday, 02 de November de 2023 às 09:08
Última captura de links foi Thursday, 02 de November de 2023 às 12:14
Última captura de links foi Thursday, 02 de November de 2023 às 15:08
Última captura de links foi Thursday, 02 de November de 2023 às 18:10
Última captura de links foi Thursday, 02 de November de 2023 às 21:07
Última captura de links foi Friday, 03 de November de 2023 às 00:34
Última captura de links foi Friday, 03 de November de 2023 às 03:08
Última captura de links foi Friday, 03 de November de 2023 às 06:11
Última captura de links foi Friday, 03 de November de 2023 às 09:08
Última captura de links foi Friday, 03 de November de 2023 às 12:14
Última captura de links foi Friday, 03 de November de 2023 às 15:08
Última captura de links foi Friday, 03 de November de 2023 às 18:10
Última captura de links foi Friday, 03 de November de 2023 às 21:06
Última captura de links foi Saturday, 04 de November de 2023 às 00:33
Última captura de links foi Saturday, 04 de November de 2023 às 03:08
Última captura de links foi Saturday, 04 de November de 2023 às 06:09
Última captura de links foi Saturday, 04 de November de 2023 às 09:07
Última captura de links foi Saturday, 04 de November de 2023 às 12:12
Última captura de links foi Saturday, 04 de November de 2023 às 15:07
Última captura de links foi Saturday, 04 de November de 2023 às 18:09
Última captura de links foi Saturday, 04 de November de 2023 às 21:06
Última captura de links foi Sunday, 05 de November de 2023 às 00:37
Última captura de links foi Sunday, 05 de November de 2023 às 03:09
Última captura de links foi Sunday, 05 de November de 2023 às 06:09
Última captura de links foi Sunday, 05 de November de 2023 às 09:07
Última captura de links foi Sunday, 05 de November de 2023 às 12:12
Última captura de links foi Sunday, 05 de November de 2023 às 15:07
Última captura de links foi Sunday, 05 de November de 2023 às 18:09
Última captura de links foi Sunday, 05 de November de 2023 às 21:06
Última captura de links foi Monday, 06 de November de 2023 às 00:35
Última captura de links foi Monday, 06 de November de 2023 às 03:09
Última captura de links foi Monday, 06 de November de 2023 às 06:11
Última captura de links foi Monday, 06 de November de 2023 às 09:09
Última captura de links foi Monday, 06 de November de 2023 às 12:15
Última captura de links foi Monday, 06 de November de 2023 às 15:09
Última captura de links foi Monday, 06 de November de 2023 às 18:10
Última captura de links foi Monday, 06 de November de 2023 às 21:07
Última captura de links foi Tuesday, 07 de November de 2023 às 00:35
Última captura de links foi Tuesday, 07 de November de 2023 às 03:09
Última captura de links foi Tuesday, 07 de November de 2023 às 06:10
Última captura de links foi Tuesday, 07 de November de 2023 às 09:08
Última captura de links foi Tuesday, 07 de November de 2023 às 12:14
Última captura de links foi Tuesday, 07 de November de 2023 às 15:08
Última captura de links foi Tuesday, 07 de November de 2023 às 18:10
Última captura de links foi Tuesday, 07 de November de 2023 às 21:07
Última captura de links foi Wednesday, 08 de November de 2023 às 00:34
Última captura de links foi Wednesday, 08 de November de 2023 às 03:08
Última captura de links foi Wednesday, 08 de November de 2023 às 06:11
Última captura de links foi Wednesday, 08 de November de 2023 às 09:08
Última captura de links foi Wednesday, 08 de November de 2023 às 12:14
Última captura de links foi Wednesday, 08 de November de 2023 às 15:08
Última captura de links foi Wednesday, 08 de November de 2023 às 18:10
Última captura de links foi Wednesday, 08 de November de 2023 às 21:07
Última captura de links foi Thursday, 09 de November de 2023 às 00:34
Última captura de links foi Thursday, 09 de November de 2023 às 03:08
Última captura de links foi Thursday, 09 de November de 2023 às 06:10
Última captura de links foi Thursday, 09 de November de 2023 às 09:08
Última captura de links foi Thursday, 09 de November de 2023 às 12:14
Última captura de links foi Thursday, 09 de November de 2023 às 15:08
Última captura de links foi Thursday, 09 de November de 2023 às 18:10
Última captura de links foi Thursday, 09 de November de 2023 às 21:07
Última captura de links foi Friday, 10 de November de 2023 às 00:34
Última captura de links foi Friday, 10 de November de 2023 às 03:08
Última captura de links foi Friday, 10 de November de 2023 às 06:11
Última captura de links foi Friday, 10 de November de 2023 às 09:08
Última captura de links foi Friday, 10 de November de 2023 às 12:14
Última captura de links foi Friday, 10 de November de 2023 às 15:08
Última captura de links foi Friday, 10 de November de 2023 às 18:10
Última captura de links foi Friday, 10 de November de 2023 às 21:07
Última captura de links foi Saturday, 11 de November de 2023 às 00:34
Última captura de links foi Saturday, 11 de November de 2023 às 03:12
Última captura de links foi Saturday, 11 de November de 2023 às 06:09
Última captura de links foi Saturday, 11 de November de 2023 às 09:07
Última captura de links foi Saturday, 11 de November de 2023 às 12:12
Última captura de links foi Saturday, 11 de November de 2023 às 15:07
Última captura de links foi Saturday, 11 de November de 2023 às 18:09
Última captura de links foi Saturday, 11 de November de 2023 às 21:06
Última captura de links foi Sunday, 12 de November de 2023 às 00:37
Última captura de links foi Sunday, 12 de November de 2023 às 03:08
Última captura de links foi Sunday, 12 de November de 2023 às 06:09
Última captura de links foi Sunday, 12 de November de 2023 às 09:07
Última captura de links foi Sunday, 12 de November de 2023 às 12:12
Última captura de links foi Sunday, 12 de November de 2023 às 15:07
Última captura de links foi Sunday, 12 de November de 2023 às 18:09
Última captura de links foi Sunday, 12 de November de 2023 às 21:07
Última captura de links foi Monday, 13 de November de 2023 às 00:36
Última captura de links foi Monday, 13 de November de 2023 às 03:09
Última captura de links foi Monday, 13 de November de 2023 às 06:11
Última captura de links foi Monday, 13 de November de 2023 às 09:09
Última captura de links foi Monday, 13 de November de 2023 às 12:14
Última captura de links foi Monday, 13 de November de 2023 às 15:08
Última captura de links foi Monday, 13 de November de 2023 às 18:10
Última captura de links foi Monday, 13 de November de 2023 às 21:08
Última captura de links foi Tuesday, 14 de November de 2023 às 00:34
Última captura de links foi Tuesday, 14 de November de 2023 às 03:08
Última captura de links foi Tuesday, 14 de November de 2023 às 06:11
Última captura de links foi Tuesday, 14 de November de 2023 às 09:08
Última captura de links foi Tuesday, 14 de November de 2023 às 12:14
Última captura de links foi Tuesday, 14 de November de 2023 às 15:08
Última captura de links foi Tuesday, 14 de November de 2023 às 18:09
Última captura de links foi Tuesday, 14 de November de 2023 às 21:07
Última captura de links foi Wednesday, 15 de November de 2023 às 00:35
Última captura de links foi Wednesday, 15 de November de 2023 às 03:09
Última captura de links foi Wednesday, 15 de November de 2023 às 06:11
Última captura de links foi Wednesday, 15 de November de 2023 às 09:09
Última captura de links foi Wednesday, 15 de November de 2023 às 12:14
Última captura de links foi Wednesday, 15 de November de 2023 às 15:08
Última captura de links foi Wednesday, 15 de November de 2023 às 18:10
Última captura de links foi Wednesday, 15 de November de 2023 às 21:07
Última captura de links foi Thursday, 16 de November de 2023 às 00:36
Última captura de links foi Thursday, 16 de November de 2023 às 03:09
Última captura de links foi Thursday, 16 de November de 2023 às 06:11
Última captura de links foi Thursday, 16 de November de 2023 às 09:08
Última captura de links foi Thursday, 16 de November de 2023 às 12:14
Última captura de links foi Thursday, 16 de November de 2023 às 15:09
Última captura de links foi Thursday, 16 de November de 2023 às 18:10
Última captura de links foi Thursday, 16 de November de 2023 às 21:08
Última captura de links foi Friday, 17 de November de 2023 às 00:36
Última captura de links foi Friday, 17 de November de 2023 às 03:09
Última captura de links foi Friday, 17 de November de 2023 às 06:11
Última captura de links foi Friday, 17 de November de 2023 às 09:08
Última captura de links foi Friday, 17 de November de 2023 às 12:14
Última captura de links foi Friday, 17 de November de 2023 às 15:08
Última captura de links foi Friday, 17 de November de 2023 às 18:10
Última captura de links foi Friday, 17 de November de 2023 às 21:07
Última captura de links foi Saturday, 18 de November de 2023 às 00:35
Última captura de links foi Saturday, 18 de November de 2023 às 03:09
Última captura de links foi Saturday, 18 de November de 2023 às 06:09
Última captura de links foi Saturday, 18 de November de 2023 às 09:07
Última captura de links foi Saturday, 18 de November de 2023 às 12:12
Última captura de links foi Saturday, 18 de November de 2023 às 15:07
Última captura de links foi Saturday, 18 de November de 2023 às 18:09
Última captura de links foi Saturday, 18 de November de 2023 às 21:07
Última captura de links foi Sunday, 19 de November de 2023 às 00:38
Última captura de links foi Sunday, 19 de November de 2023 às 03:08
Última captura de links foi Sunday, 19 de November de 2023 às 06:10
Última captura de links foi Sunday, 19 de November de 2023 às 09:07
Última captura de links foi Sunday, 19 de November de 2023 às 12:13
Última captura de links foi Sunday, 19 de November de 2023 às 15:07
Última captura de links foi Sunday, 19 de November de 2023 às 18:09
Última captura de links foi Sunday, 19 de November de 2023 às 21:07
Última captura de links foi Monday, 20 de November de 2023 às 00:36
Última captura de links foi Monday, 20 de November de 2023 às 03:09
Última captura de links foi Monday, 20 de November de 2023 às 06:11
Última captura de links foi Monday, 20 de November de 2023 às 09:09
Última captura de links foi Monday, 20 de November de 2023 às 12:15
Última captura de links foi Monday, 20 de November de 2023 às 15:09
Última captura de links foi Monday, 20 de November de 2023 às 18:10
Última captura de links foi Monday, 20 de November de 2023 às 21:08
Última captura de links foi Tuesday, 21 de November de 2023 às 00:36
Última captura de links foi Tuesday, 21 de November de 2023 às 03:09
Última captura de links foi Tuesday, 21 de November de 2023 às 06:12
Última captura de links foi Tuesday, 21 de November de 2023 às 09:09
Última captura de links foi Tuesday, 21 de November de 2023 às 12:15
Última captura de links foi Tuesday, 21 de November de 2023 às 15:08
Última captura de links foi Tuesday, 21 de November de 2023 às 18:11
Última captura de links foi Tuesday, 21 de November de 2023 às 21:08
Última captura de links foi Wednesday, 22 de November de 2023 às 00:37
Última captura de links foi Wednesday, 22 de November de 2023 às 03:09
Última captura de links foi Wednesday, 22 de November de 2023 às 06:11
Última captura de links foi Wednesday, 22 de November de 2023 às 09:08
Última captura de links foi Wednesday, 22 de November de 2023 às 12:14
Última captura de links foi Wednesday, 22 de November de 2023 às 15:09
Última captura de links foi Wednesday, 22 de November de 2023 às 18:10
Última captura de links foi Wednesday, 22 de November de 2023 às 21:07
Última captura de links foi Thursday, 23 de November de 2023 às 00:36
Última captura de links foi Thursday, 23 de November de 2023 às 03:08
Última captura de links foi Thursday, 23 de November de 2023 às 06:11
Última captura de links foi Thursday, 23 de November de 2023 às 09:08
Última captura de links foi Thursday, 23 de November de 2023 às 12:14
Última captura de links foi Thursday, 23 de November de 2023 às 15:08
Última captura de links foi Thursday, 23 de November de 2023 às 18:10
Última captura de links foi Thursday, 23 de November de 2023 às 21:07
Última captura de links foi Friday, 24 de November de 2023 às 00:35
Última captura de links foi Friday, 24 de November de 2023 às 03:09
Última captura de links foi Friday, 24 de November de 2023 às 06:11
Última captura de links foi Friday, 24 de November de 2023 às 09:08
Última captura de links foi Friday, 24 de November de 2023 às 12:14
Última captura de links foi Friday, 24 de November de 2023 às 15:08
Última captura de links foi Friday, 24 de November de 2023 às 18:10
Última captura de links foi Friday, 24 de November de 2023 às 21:07
Última captura de links foi Saturday, 25 de November de 2023 às 00:34
Última captura de links foi Saturday, 25 de November de 2023 às 03:09
Última captura de links foi Saturday, 25 de November de 2023 às 06:09
Última captura de links foi Saturday, 25 de November de 2023 às 09:07
Última captura de links foi Saturday, 25 de November de 2023 às 12:13
Última captura de links foi Saturday, 25 de November de 2023 às 15:07
Última captura de links foi Saturday, 25 de November de 2023 às 18:10
Última captura de links foi Saturday, 25 de November de 2023 às 21:07
Última captura de links foi Sunday, 26 de November de 2023 às 00:38
Última captura de links foi Sunday, 26 de November de 2023 às 03:08
Última captura de links foi Sunday, 26 de November de 2023 às 06:10
Última captura de links foi Sunday, 26 de November de 2023 às 09:07
Última captura de links foi Sunday, 26 de November de 2023 às 12:13
Última captura de links foi Sunday, 26 de November de 2023 às 15:07
Última captura de links foi Sunday, 26 de November de 2023 às 18:09
Última captura de links foi Sunday, 26 de November de 2023 às 21:07
Última captura de links foi Monday, 27 de November de 2023 às 00:36
Última captura de links foi Monday, 27 de November de 2023 às 03:09
Última captura de links foi Monday, 27 de November de 2023 às 06:11
Última captura de links foi Monday, 27 de November de 2023 às 09:09
Última captura de links foi Monday, 27 de November de 2023 às 12:14
Última captura de links foi Monday, 27 de November de 2023 às 15:09
Última captura de links foi Monday, 27 de November de 2023 às 18:10
Última captura de links foi Monday, 27 de November de 2023 às 21:08
Última captura de links foi Tuesday, 28 de November de 2023 às 00:36
Última captura de links foi Tuesday, 28 de November de 2023 às 03:09
Última captura de links foi Tuesday, 28 de November de 2023 às 06:11
Última captura de links foi Tuesday, 28 de November de 2023 às 09:09
Última captura de links foi Tuesday, 28 de November de 2023 às 12:14
Última captura de links foi Tuesday, 28 de November de 2023 às 15:09
Última captura de links foi Tuesday, 28 de November de 2023 às 18:10
Última captura de links foi Tuesday, 28 de November de 2023 às 21:07
Última captura de links foi Wednesday, 29 de November de 2023 às 00:36
Última captura de links foi Wednesday, 29 de November de 2023 às 03:09
Última captura de links foi Wednesday, 29 de November de 2023 às 06:11
Última captura de links foi Wednesday, 29 de November de 2023 às 09:08
Última captura de links foi Wednesday, 29 de November de 2023 às 12:14
Última captura de links foi Wednesday, 29 de November de 2023 às 15:08
Última captura de links foi Wednesday, 29 de November de 2023 às 18:10
Última captura de links foi Wednesday, 29 de November de 2023 às 21:07
Última captura de links foi Thursday, 30 de November de 2023 às 00:36
Última captura de links foi Thursday, 30 de November de 2023 às 03:08
Última captura de links foi Thursday, 30 de November de 2023 às 06:11
Última captura de links foi Thursday, 30 de November de 2023 às 09:09
Última captura de links foi Thursday, 30 de November de 2023 às 12:14
Última captura de links foi Thursday, 30 de November de 2023 às 15:08
Última captura de links foi Thursday, 30 de November de 2023 às 18:10
Última captura de links foi Thursday, 30 de November de 2023 às 21:08
Última captura de links foi Friday, 01 de December de 2023 às 00:39
Última captura de links foi Friday, 01 de December de 2023 às 03:09
Última captura de links foi Friday, 01 de December de 2023 às 06:11
Última captura de links foi Friday, 01 de December de 2023 às 09:09
Última captura de links foi Friday, 01 de December de 2023 às 12:14
Última captura de links foi Friday, 01 de December de 2023 às 15:08
Última captura de links foi Friday, 01 de December de 2023 às 18:10
Última captura de links foi Friday, 01 de December de 2023 às 21:07
Última captura de links foi Saturday, 02 de December de 2023 às 00:35
Última captura de links foi Saturday, 02 de December de 2023 às 03:09
Última captura de links foi Saturday, 02 de December de 2023 às 06:10
Última captura de links foi Saturday, 02 de December de 2023 às 09:07
Última captura de links foi Saturday, 02 de December de 2023 às 12:13
Última captura de links foi Saturday, 02 de December de 2023 às 15:07
Última captura de links foi Saturday, 02 de December de 2023 às 18:10
Última captura de links foi Saturday, 02 de December de 2023 às 21:07
Última captura de links foi Sunday, 03 de December de 2023 às 00:38
Última captura de links foi Sunday, 03 de December de 2023 às 03:08
Última captura de links foi Sunday, 03 de December de 2023 às 06:10
Última captura de links foi Sunday, 03 de December de 2023 às 09:07
Última captura de links foi Sunday, 03 de December de 2023 às 12:13
Última captura de links foi Sunday, 03 de December de 2023 às 15:07
Última captura de links foi Sunday, 03 de December de 2023 às 18:09
Última captura de links foi Sunday, 03 de December de 2023 às 21:07
Última captura de links foi Monday, 04 de December de 2023 às 00:36
Última captura de links foi Monday, 04 de December de 2023 às 03:09
Última captura de links foi Monday, 04 de December de 2023 às 06:11
Última captura de links foi Monday, 04 de December de 2023 às 09:09
Última captura de links foi Monday, 04 de December de 2023 às 12:14
Última captura de links foi Monday, 04 de December de 2023 às 15:09
Última captura de links foi Monday, 04 de December de 2023 às 18:10
Última captura de links foi Monday, 04 de December de 2023 às 21:07
Última captura de links foi Tuesday, 05 de December de 2023 às 00:37
Última captura de links foi Tuesday, 05 de December de 2023 às 03:09
Última captura de links foi Tuesday, 05 de December de 2023 às 06:11
Última captura de links foi Tuesday, 05 de December de 2023 às 09:09
Última captura de links foi Tuesday, 05 de December de 2023 às 12:14
Última captura de links foi Tuesday, 05 de December de 2023 às 15:09
Última captura de links foi Tuesday, 05 de December de 2023 às 18:10
Última captura de links foi Tuesday, 05 de December de 2023 às 21:08
Última captura de links foi Wednesday, 06 de December de 2023 às 00:36
Última captura de links foi Wednesday, 06 de December de 2023 às 03:09
Última captura de links foi Wednesday, 06 de December de 2023 às 06:11
Última captura de links foi Wednesday, 06 de December de 2023 às 09:09
Última captura de links foi Wednesday, 06 de December de 2023 às 12:15
Última captura de links foi Wednesday, 06 de December de 2023 às 15:09
Última captura de links foi Wednesday, 06 de December de 2023 às 18:10
Última captura de links foi Wednesday, 06 de December de 2023 às 21:08
Última captura de links foi Thursday, 07 de December de 2023 às 00:36
Última captura de links foi Thursday, 07 de December de 2023 às 03:09
Última captura de links foi Thursday, 07 de December de 2023 às 06:11
Última captura de links foi Thursday, 07 de December de 2023 às 09:09
Última captura de links foi Thursday, 07 de December de 2023 às 12:14
Última captura de links foi Thursday, 07 de December de 2023 às 15:08
Última captura de links foi Thursday, 07 de December de 2023 às 18:10
Última captura de links foi Thursday, 07 de December de 2023 às 21:08
Última captura de links foi Friday, 08 de December de 2023 às 00:36
Última captura de links foi Friday, 08 de December de 2023 às 03:09
Última captura de links foi Friday, 08 de December de 2023 às 06:11
Última captura de links foi Friday, 08 de December de 2023 às 09:08
Última captura de links foi Friday, 08 de December de 2023 às 12:14
Última captura de links foi Friday, 08 de December de 2023 às 15:08
Última captura de links foi Friday, 08 de December de 2023 às 18:10
Última captura de links foi Friday, 08 de December de 2023 às 21:07
Última captura de links foi Saturday, 09 de December de 2023 às 00:35
Última captura de links foi Saturday, 09 de December de 2023 às 03:09
Última captura de links foi Saturday, 09 de December de 2023 às 06:10
Última captura de links foi Saturday, 09 de December de 2023 às 09:08
Última captura de links foi Saturday, 09 de December de 2023 às 12:13
Última captura de links foi Saturday, 09 de December de 2023 às 15:07
Última captura de links foi Saturday, 09 de December de 2023 às 18:09
Última captura de links foi Saturday, 09 de December de 2023 às 21:07
Última captura de links foi Sunday, 10 de December de 2023 às 00:39
Última captura de links foi Sunday, 10 de December de 2023 às 03:09
Última captura de links foi Sunday, 10 de December de 2023 às 06:10
Última captura de links foi Sunday, 10 de December de 2023 às 09:07
Última captura de links foi Sunday, 10 de December de 2023 às 12:13
Última captura de links foi Sunday, 10 de December de 2023 às 15:07
Última captura de links foi Sunday, 10 de December de 2023 às 18:09
Última captura de links foi Sunday, 10 de December de 2023 às 21:07
Última captura de links foi Monday, 11 de December de 2023 às 00:37
Última captura de links foi Monday, 11 de December de 2023 às 03:09
Última captura de links foi Monday, 11 de December de 2023 às 06:11
Última captura de links foi Monday, 11 de December de 2023 às 09:09
Última captura de links foi Monday, 11 de December de 2023 às 12:15
Última captura de links foi Monday, 11 de December de 2023 às 15:09
Última captura de links foi Monday, 11 de December de 2023 às 18:11
Última captura de links foi Monday, 11 de December de 2023 às 21:08
Última captura de links foi Tuesday, 12 de December de 2023 às 00:37
Última captura de links foi Tuesday, 12 de December de 2023 às 03:09
Última captura de links foi Tuesday, 12 de December de 2023 às 06:11
Última captura de links foi Tuesday, 12 de December de 2023 às 09:09
Última captura de links foi Tuesday, 12 de December de 2023 às 12:14
Última captura de links foi Tuesday, 12 de December de 2023 às 15:09
Última captura de links foi Tuesday, 12 de December de 2023 às 18:10
Última captura de links foi Tuesday, 12 de December de 2023 às 21:08
Última captura de links foi Wednesday, 13 de December de 2023 às 00:36
Última captura de links foi Wednesday, 13 de December de 2023 às 03:09
Última captura de links foi Wednesday, 13 de December de 2023 às 06:11
Última captura de links foi Wednesday, 13 de December de 2023 às 09:09
Última captura de links foi Wednesday, 13 de December de 2023 às 12:14
Última captura de links foi Wednesday, 13 de December de 2023 às 15:09
Última captura de links foi Wednesday, 13 de December de 2023 às 18:09
Última captura de links foi Wednesday, 13 de December de 2023 às 21:08
Última captura de links foi Thursday, 14 de December de 2023 às 00:36
Última captura de links foi Thursday, 14 de December de 2023 às 03:09
Última captura de links foi Thursday, 14 de December de 2023 às 06:11
Última captura de links foi Thursday, 14 de December de 2023 às 09:08
Última captura de links foi Thursday, 14 de December de 2023 às 12:14
Última captura de links foi Thursday, 14 de December de 2023 às 15:08
Última captura de links foi Thursday, 14 de December de 2023 às 18:10
Última captura de links foi Thursday, 14 de December de 2023 às 21:08
Última captura de links foi Friday, 15 de December de 2023 às 00:37
Última captura de links foi Friday, 15 de December de 2023 às 03:09
Última captura de links foi Friday, 15 de December de 2023 às 06:11
Última captura de links foi Friday, 15 de December de 2023 às 09:08
Última captura de links foi Friday, 15 de December de 2023 às 12:14
Última captura de links foi Friday, 15 de December de 2023 às 15:08
Última captura de links foi Friday, 15 de December de 2023 às 18:10
Última captura de links foi Friday, 15 de December de 2023 às 21:08
Última captura de links foi Saturday, 16 de December de 2023 às 00:35
Última captura de links foi Saturday, 16 de December de 2023 às 03:09
Última captura de links foi Saturday, 16 de December de 2023 às 06:10
Última captura de links foi Saturday, 16 de December de 2023 às 09:07
Última captura de links foi Saturday, 16 de December de 2023 às 12:13
Última captura de links foi Saturday, 16 de December de 2023 às 15:07
Última captura de links foi Saturday, 16 de December de 2023 às 18:09
Última captura de links foi Saturday, 16 de December de 2023 às 21:07
Última captura de links foi Sunday, 17 de December de 2023 às 00:39
Última captura de links foi Sunday, 17 de December de 2023 às 03:09
Última captura de links foi Sunday, 17 de December de 2023 às 06:10
Última captura de links foi Sunday, 17 de December de 2023 às 09:08
Última captura de links foi Sunday, 17 de December de 2023 às 12:13
Última captura de links foi Sunday, 17 de December de 2023 às 15:08
Última captura de links foi Sunday, 17 de December de 2023 às 18:09
Última captura de links foi Sunday, 17 de December de 2023 às 21:07
Última captura de links foi Monday, 18 de December de 2023 às 00:37
Última captura de links foi Monday, 18 de December de 2023 às 03:09
Última captura de links foi Monday, 18 de December de 2023 às 06:12
Última captura de links foi Monday, 18 de December de 2023 às 09:09
Última captura de links foi Monday, 18 de December de 2023 às 12:15
Última captura de links foi Monday, 18 de December de 2023 às 15:09
Última captura de links foi Monday, 18 de December de 2023 às 18:10
Última captura de links foi Monday, 18 de December de 2023 às 21:08
Última captura de links foi Tuesday, 19 de December de 2023 às 00:36
Última captura de links foi Tuesday, 19 de December de 2023 às 03:09
Última captura de links foi Tuesday, 19 de December de 2023 às 06:11
Última captura de links foi Tuesday, 19 de December de 2023 às 09:09
Última captura de links foi Tuesday, 19 de December de 2023 às 12:14
Última captura de links foi Tuesday, 19 de December de 2023 às 15:08
Última captura de links foi Tuesday, 19 de December de 2023 às 18:08
Última captura de links foi Tuesday, 19 de December de 2023 às 21:06
Última captura de links foi Wednesday, 20 de December de 2023 às 00:29
Última captura de links foi Wednesday, 20 de December de 2023 às 03:08
Última captura de links foi Wednesday, 20 de December de 2023 às 06:09
Última captura de links foi Wednesday, 20 de December de 2023 às 09:07
Última captura de links foi Wednesday, 20 de December de 2023 às 12:12
Última captura de links foi Wednesday, 20 de December de 2023 às 15:07
Última captura de links foi Wednesday, 20 de December de 2023 às 18:10
Última captura de links foi Wednesday, 20 de December de 2023 às 21:08
Última captura de links foi Thursday, 21 de December de 2023 às 00:35
Última captura de links foi Thursday, 21 de December de 2023 às 03:09
Última captura de links foi Thursday, 21 de December de 2023 às 06:11
Última captura de links foi Thursday, 21 de December de 2023 às 09:08
Última captura de links foi Thursday, 21 de December de 2023 às 12:14
Última captura de links foi Thursday, 21 de December de 2023 às 15:08
Última captura de links foi Thursday, 21 de December de 2023 às 18:09
Última captura de links foi Thursday, 21 de December de 2023 às 21:07
Última captura de links foi Friday, 22 de December de 2023 às 00:35
Última captura de links foi Friday, 22 de December de 2023 às 03:09
Última captura de links foi Friday, 22 de December de 2023 às 06:11
Última captura de links foi Friday, 22 de December de 2023 às 09:08
Última captura de links foi Friday, 22 de December de 2023 às 12:13
Última captura de links foi Friday, 22 de December de 2023 às 15:08
Última captura de links foi Friday, 22 de December de 2023 às 18:10
Última captura de links foi Friday, 22 de December de 2023 às 21:07
Última captura de links foi Saturday, 23 de December de 2023 às 00:34
Última captura de links foi Saturday, 23 de December de 2023 às 03:08
Última captura de links foi Saturday, 23 de December de 2023 às 06:10
Última captura de links foi Saturday, 23 de December de 2023 às 09:07
Última captura de links foi Saturday, 23 de December de 2023 às 12:12
Última captura de links foi Saturday, 23 de December de 2023 às 15:07
Última captura de links foi Saturday, 23 de December de 2023 às 18:09
Última captura de links foi Saturday, 23 de December de 2023 às 21:07
Última captura de links foi Sunday, 24 de December de 2023 às 00:38
Última captura de links foi Sunday, 24 de December de 2023 às 03:09
Última captura de links foi Sunday, 24 de December de 2023 às 06:10
Última captura de links foi Sunday, 24 de December de 2023 às 09:07
Última captura de links foi Sunday, 24 de December de 2023 às 12:12
Última captura de links foi Sunday, 24 de December de 2023 às 15:07
Última captura de links foi Sunday, 24 de December de 2023 às 18:09
Última captura de links foi Sunday, 24 de December de 2023 às 21:07
Última captura de links foi Monday, 25 de December de 2023 às 00:36
Última captura de links foi Monday, 25 de December de 2023 às 03:09
Última captura de links foi Monday, 25 de December de 2023 às 06:11
Última captura de links foi Monday, 25 de December de 2023 às 09:08
Última captura de links foi Monday, 25 de December de 2023 às 12:14
Última captura de links foi Monday, 25 de December de 2023 às 15:09
Última captura de links foi Monday, 25 de December de 2023 às 18:09
Última captura de links foi Monday, 25 de December de 2023 às 21:07
Última captura de links foi Tuesday, 26 de December de 2023 às 00:35
Última captura de links foi Tuesday, 26 de December de 2023 às 03:09
Última captura de links foi Tuesday, 26 de December de 2023 às 06:11
Última captura de links foi Tuesday, 26 de December de 2023 às 09:08
Última captura de links foi Tuesday, 26 de December de 2023 às 12:13
Última captura de links foi Tuesday, 26 de December de 2023 às 15:08
Última captura de links foi Tuesday, 26 de December de 2023 às 18:10
Última captura de links foi Tuesday, 26 de December de 2023 às 21:07
Última captura de links foi Wednesday, 27 de December de 2023 às 00:34
Última captura de links foi Wednesday, 27 de December de 2023 às 03:09
Última captura de links foi Wednesday, 27 de December de 2023 às 06:11
Última captura de links foi Wednesday, 27 de December de 2023 às 09:08
Última captura de links foi Wednesday, 27 de December de 2023 às 12:13
Última captura de links foi Wednesday, 27 de December de 2023 às 15:08
Última captura de links foi Wednesday, 27 de December de 2023 às 18:10
Última captura de links foi Wednesday, 27 de December de 2023 às 21:08
Última captura de links foi Thursday, 28 de December de 2023 às 00:34
Última captura de links foi Thursday, 28 de December de 2023 às 03:09
Última captura de links foi Thursday, 28 de December de 2023 às 06:10
Última captura de links foi Thursday, 28 de December de 2023 às 09:08
Última captura de links foi Thursday, 28 de December de 2023 às 12:13
Última captura de links foi Thursday, 28 de December de 2023 às 15:08
Última captura de links foi Thursday, 28 de December de 2023 às 18:10
Última captura de links foi Thursday, 28 de December de 2023 às 21:07
Última captura de links foi Friday, 29 de December de 2023 às 00:29
Última captura de links foi Friday, 29 de December de 2023 às 03:09
Última captura de links foi Friday, 29 de December de 2023 às 06:11
Última captura de links foi Friday, 29 de December de 2023 às 09:08
Última captura de links foi Friday, 29 de December de 2023 às 12:12
Última captura de links foi Friday, 29 de December de 2023 às 15:08
Última captura de links foi Friday, 29 de December de 2023 às 18:10
Última captura de links foi Friday, 29 de December de 2023 às 21:07
Última captura de links foi Saturday, 30 de December de 2023 às 00:34
Última captura de links foi Saturday, 30 de December de 2023 às 03:09
Última captura de links foi Saturday, 30 de December de 2023 às 06:09
Última captura de links foi Saturday, 30 de December de 2023 às 09:07
Última captura de links foi Saturday, 30 de December de 2023 às 12:12
Última captura de links foi Saturday, 30 de December de 2023 às 15:07
Última captura de links foi Saturday, 30 de December de 2023 às 18:10
Última captura de links foi Saturday, 30 de December de 2023 às 21:07
Última captura de links foi Sunday, 31 de December de 2023 às 00:39
Última captura de links foi Sunday, 31 de December de 2023 às 03:09
Última captura de links foi Sunday, 31 de December de 2023 às 06:10
Última captura de links foi Sunday, 31 de December de 2023 às 09:07
Última captura de links foi Sunday, 31 de December de 2023 às 12:13
Última captura de links foi Sunday, 31 de December de 2023 às 15:07
Última captura de links foi Sunday, 31 de December de 2023 às 18:09
Última captura de links foi Sunday, 31 de December de 2023 às 21:07
Última captura de links foi Monday, 01 de January de 2024 às 00:40
Última captura de links foi Monday, 01 de January de 2024 às 03:10
Última captura de links foi Monday, 01 de January de 2024 às 06:12
Última captura de links foi Monday, 01 de January de 2024 às 09:09
Última captura de links foi Monday, 01 de January de 2024 às 12:14
Última captura de links foi Monday, 01 de January de 2024 às 15:08
Última captura de links foi Monday, 01 de January de 2024 às 18:10
Última captura de links foi Monday, 01 de January de 2024 às 21:07
Última captura de links foi Tuesday, 02 de January de 2024 às 00:35
Última captura de links foi Tuesday, 02 de January de 2024 às 03:09
Última captura de links foi Tuesday, 02 de January de 2024 às 06:11
Última captura de links foi Tuesday, 02 de January de 2024 às 09:08
Última captura de links foi Tuesday, 02 de January de 2024 às 12:14
Última captura de links foi Tuesday, 02 de January de 2024 às 15:08
Última captura de links foi Tuesday, 02 de January de 2024 às 18:11
Última captura de links foi Tuesday, 02 de January de 2024 às 21:07
Última captura de links foi Wednesday, 03 de January de 2024 às 00:36
Última captura de links foi Wednesday, 03 de January de 2024 às 03:09
Última captura de links foi Wednesday, 03 de January de 2024 às 06:11
Última captura de links foi Wednesday, 03 de January de 2024 às 09:08
Última captura de links foi Wednesday, 03 de January de 2024 às 12:14
Última captura de links foi Wednesday, 03 de January de 2024 às 15:08
Última captura de links foi Wednesday, 03 de January de 2024 às 18:10
Última captura de links foi Wednesday, 03 de January de 2024 às 21:07
Última captura de links foi Thursday, 04 de January de 2024 às 00:36
Última captura de links foi Thursday, 04 de January de 2024 às 03:09
Última captura de links foi Thursday, 04 de January de 2024 às 06:11
Última captura de links foi Thursday, 04 de January de 2024 às 09:08
Última captura de links foi Thursday, 04 de January de 2024 às 12:14
Última captura de links foi Thursday, 04 de January de 2024 às 15:09
Última captura de links foi Thursday, 04 de January de 2024 às 18:10
Última captura de links foi Thursday, 04 de January de 2024 às 21:08
Última captura de links foi Friday, 05 de January de 2024 às 00:36
Última captura de links foi Friday, 05 de January de 2024 às 03:09
Última captura de links foi Friday, 05 de January de 2024 às 06:11
Última captura de links foi Friday, 05 de January de 2024 às 09:08
Última captura de links foi Friday, 05 de January de 2024 às 12:14
Última captura de links foi Friday, 05 de January de 2024 às 15:08
Última captura de links foi Friday, 05 de January de 2024 às 18:10
Última captura de links foi Friday, 05 de January de 2024 às 21:07
Última captura de links foi Saturday, 06 de January de 2024 às 00:35
Última captura de links foi Saturday, 06 de January de 2024 às 03:09
Última captura de links foi Saturday, 06 de January de 2024 às 06:10
Última captura de links foi Saturday, 06 de January de 2024 às 09:08
Última captura de links foi Saturday, 06 de January de 2024 às 12:13
Última captura de links foi Saturday, 06 de January de 2024 às 15:07
Última captura de links foi Saturday, 06 de January de 2024 às 18:09
Última captura de links foi Saturday, 06 de January de 2024 às 21:07
Última captura de links foi Sunday, 07 de January de 2024 às 00:40
Última captura de links foi Sunday, 07 de January de 2024 às 03:09
Última captura de links foi Sunday, 07 de January de 2024 às 06:10
Última captura de links foi Sunday, 07 de January de 2024 às 09:08
Última captura de links foi Sunday, 07 de January de 2024 às 12:13
Última captura de links foi Sunday, 07 de January de 2024 às 15:08
Última captura de links foi Sunday, 07 de January de 2024 às 18:09
Última captura de links foi Sunday, 07 de January de 2024 às 21:07
Última captura de links foi Monday, 08 de January de 2024 às 00:37
Última captura de links foi Monday, 08 de January de 2024 às 03:09
Última captura de links foi Monday, 08 de January de 2024 às 06:11
Última captura de links foi Monday, 08 de January de 2024 às 09:09
Última captura de links foi Monday, 08 de January de 2024 às 12:14
Última captura de links foi Monday, 08 de January de 2024 às 15:09
Última captura de links foi Monday, 08 de January de 2024 às 18:11
Última captura de links foi Monday, 08 de January de 2024 às 21:07
Última captura de links foi Tuesday, 09 de January de 2024 às 00:37
Última captura de links foi Tuesday, 09 de January de 2024 às 03:09
Última captura de links foi Tuesday, 09 de January de 2024 às 06:11
Última captura de links foi Tuesday, 09 de January de 2024 às 09:08
Última captura de links foi Tuesday, 09 de January de 2024 às 12:14
Última captura de links foi Tuesday, 09 de January de 2024 às 15:09
Última captura de links foi Tuesday, 09 de January de 2024 às 18:09
Última captura de links foi Tuesday, 09 de January de 2024 às 21:08
Última captura de links foi Wednesday, 10 de January de 2024 às 00:37
Última captura de links foi Wednesday, 10 de January de 2024 às 03:09
Última captura de links foi Wednesday, 10 de January de 2024 às 06:11
Última captura de links foi Wednesday, 10 de January de 2024 às 09:08
Última captura de links foi Wednesday, 10 de January de 2024 às 12:14
Última captura de links foi Wednesday, 10 de January de 2024 às 15:08
Última captura de links foi Wednesday, 10 de January de 2024 às 18:10
Última captura de links foi Wednesday, 10 de January de 2024 às 21:08
Última captura de links foi Thursday, 11 de January de 2024 às 00:37
Última captura de links foi Thursday, 11 de January de 2024 às 03:09
Última captura de links foi Thursday, 11 de January de 2024 às 06:11
Última captura de links foi Thursday, 11 de January de 2024 às 09:08
Última captura de links foi Thursday, 11 de January de 2024 às 12:14
Última captura de links foi Thursday, 11 de January de 2024 às 15:08
Última captura de links foi Thursday, 11 de January de 2024 às 18:10
Última captura de links foi Thursday, 11 de January de 2024 às 21:08
Última captura de links foi Friday, 12 de January de 2024 às 00:37
Última captura de links foi Friday, 12 de January de 2024 às 03:09
Última captura de links foi Friday, 12 de January de 2024 às 06:11
Última captura de links foi Friday, 12 de January de 2024 às 09:08
Última captura de links foi Friday, 12 de January de 2024 às 12:14
Última captura de links foi Friday, 12 de January de 2024 às 15:08
Última captura de links foi Friday, 12 de January de 2024 às 18:10
Última captura de links foi Friday, 12 de January de 2024 às 21:07
Última captura de links foi Saturday, 13 de January de 2024 às 00:36
Última captura de links foi Saturday, 13 de January de 2024 às 03:09
Última captura de links foi Saturday, 13 de January de 2024 às 06:10
Última captura de links foi Saturday, 13 de January de 2024 às 09:08
Última captura de links foi Saturday, 13 de January de 2024 às 12:13
Última captura de links foi Saturday, 13 de January de 2024 às 15:07
Última captura de links foi Saturday, 13 de January de 2024 às 18:09
Última captura de links foi Saturday, 13 de January de 2024 às 21:07
Última captura de links foi Sunday, 14 de January de 2024 às 00:40
Última captura de links foi Sunday, 14 de January de 2024 às 03:09
Última captura de links foi Sunday, 14 de January de 2024 às 06:10
Última captura de links foi Sunday, 14 de January de 2024 às 09:07
Última captura de links foi Sunday, 14 de January de 2024 às 12:13
Última captura de links foi Sunday, 14 de January de 2024 às 15:07
Última captura de links foi Sunday, 14 de January de 2024 às 18:09
Última captura de links foi Sunday, 14 de January de 2024 às 21:07
Última captura de links foi Monday, 15 de January de 2024 às 00:38
Última captura de links foi Monday, 15 de January de 2024 às 03:09
Última captura de links foi Monday, 15 de January de 2024 às 07:41
Última captura de links foi Monday, 15 de January de 2024 às 08:09
Última captura de links foi Monday, 15 de January de 2024 às 09:18
Última captura de links foi Monday, 15 de January de 2024 às 09:41
Última captura de links foi Monday, 15 de January de 2024 às 09:44
Última captura de links foi Monday, 15 de January de 2024 às 09:47
Última captura de links foi Monday, 15 de January de 2024 às 12:32
Última captura de links foi Monday, 15 de January de 2024 às 15:17
Última captura de links foi Monday, 15 de January de 2024 às 18:21
Última captura de links foi Monday, 15 de January de 2024 às 21:16
